<?xml version="1.0" encoding="utf-8"?><testsuites name="pytest tests"><testsuite name="pytest" errors="0" failures="0" skipped="0" tests="23" time="3.018" timestamp="2026-05-27T12:27:31.473963+00:00" hostname="agent-env-412d6f23-2a60-4f68-a173-edffc9eb8b58"><testcase classname="backend.tests.test_referrals_coupons.TestRootAndStatus" name="test_root" time="0.135" /><testcase classname="backend.tests.test_referrals_coupons.TestRootAndStatus" name="test_status_post_and_list" time="0.131" /><testcase classname="backend.tests.test_referrals_coupons.TestReferrals" name="test_create_auto_code" time="0.062" /><testcase classname="backend.tests.test_referrals_coupons.TestReferrals" name="test_create_custom_code_and_duplicate" time="0.098" /><testcase classname="backend.tests.test_referrals_coupons.TestReferrals" name="test_list_includes_stats" time="0.049" /><testcase classname="backend.tests.test_referrals_coupons.TestReferrals" name="test_get_single_referral" time="0.050" /><testcase classname="backend.tests.test_referrals_coupons.TestReferrals" name="test_events_and_stats_percent" time="0.365" /><testcase classname="backend.tests.test_referrals_coupons.TestReferrals" name="test_events_and_stats_fixed" time="0.143" /><testcase classname="backend.tests.test_referrals_coupons.TestReferrals" name="test_patch_toggle_active" time="0.143" /><testcase classname="backend.tests.test_referrals_coupons.TestReferrals" name="test_event_on_unknown_referral" time="0.049" /><testcase classname="backend.tests.test_referrals_coupons.TestReferrals" name="test_delete_referral" time="0.143" /><testcase classname="backend.tests.test_referrals_coupons.TestCoupons" name="test_create_auto_save_code" time="0.063" /><testcase classname="backend.tests.test_referrals_coupons.TestCoupons" name="test_create_custom_and_duplicate" time="0.095" /><testcase classname="backend.tests.test_referrals_coupons.TestCoupons" name="test_list_and_get" time="0.102" /><testcase classname="backend.tests.test_referrals_coupons.TestCoupons" name="test_validate_valid" time="0.056" /><testcase classname="backend.tests.test_referrals_coupons.TestCoupons" name="test_validate_not_found" time="0.051" /><testcase classname="backend.tests.test_referrals_coupons.TestCoupons" name="test_validate_inactive" time="0.094" /><testcase classname="backend.tests.test_referrals_coupons.TestCoupons" name="test_validate_expired" time="0.094" /><testcase classname="backend.tests.test_referrals_coupons.TestCoupons" name="test_redeem_and_max_uses" time="0.249" /><testcase classname="backend.tests.test_referrals_coupons.TestCoupons" name="test_patch_coupon" time="0.051" /><testcase classname="backend.tests.test_referrals_coupons.TestCoupons" name="test_delete_coupon" time="0.144" /><testcase classname="backend.tests.test_referrals_coupons.TestAdminStats" name="test_stats_structure" time="0.058" /><testcase classname="backend.tests.test_referrals_coupons" name="test_zz_cleanup" time="0.380" /></testsuite></testsuites>